<?xml version="1.0" encoding="UTF-8"?>
<!-- Generated by org.testng.reporters.JUnitReportReporter -->
<testsuite hostname="DESKTOP-QG8CIRA" failures="0" tests="54" name="testNGprac.TestNGPrac" time="0.043" errors="0" timestamp="2024-02-23T17:08:31 IST" skipped="0">
  <testcase classname="testNGprac.TestNGPrac" name="launch" time="0.009"/>
  <system-out/>
  <testcase classname="testNGprac.TestNGPrac" name="nagivateToApplication" time="0.001"/>
  <system-out/>
  <testcase classname="testNGprac.TestNGPrac" name="usernamePassword" time="0.000"/>
  <system-out/>
  <testcase classname="testNGprac.TestNGPrac" name="usernamePassword" time="0.000"/>
  <system-out/>
  <testcase classname="testNGprac.TestNGPrac" name="usernamePassword" time="0.001"/>
  <system-out/>
  <testcase classname="testNGprac.TestNGPrac" name="usernamePassword" time="0.001"/>
  <system-out/>
  <testcase classname="testNGprac.TestNGPrac" name="usernamePassword" time="0.001"/>
  <system-out/>
  <testcase classname="testNGprac.TestNGPrac" name="usernamePassword" time="0.001"/>
  <system-out/>
  <testcase classname="testNGprac.TestNGPrac" name="usernamePassword" time="0.001"/>
  <system-out/>
  <testcase classname="testNGprac.TestNGPrac" name="usernamePassword" time="0.000"/>
  <system-out/>
  <testcase classname="testNGprac.TestNGPrac" name="usernamePassword" time="0.001"/>
  <system-out/>
  <testcase classname="testNGprac.TestNGPrac" name="usernamePassword" time="0.001"/>
  <system-out/>
  <testcase classname="testNGprac.TestNGPrac" name="usernamePassword" time="0.001"/>
  <system-out/>
  <testcase classname="testNGprac.TestNGPrac" name="usernamePassword" time="0.001"/>
  <system-out/>
  <testcase classname="testNGprac.TestNGPrac" name="usernamePassword" time="0.000"/>
  <system-out/>
  <testcase classname="testNGprac.TestNGPrac" name="usernamePassword" time="0.000"/>
  <system-out/>
  <testcase classname="testNGprac.TestNGPrac" name="usernamePassword" time="0.001"/>
  <system-out/>
  <testcase classname="testNGprac.TestNGPrac" name="usernamePassword" time="0.001"/>
  <system-out/>
  <testcase classname="testNGprac.TestNGPrac" name="usernamePassword" time="0.001"/>
  <system-out/>
  <testcase classname="testNGprac.TestNGPrac" name="usernamePassword" time="0.000"/>
  <system-out/>
  <testcase classname="testNGprac.TestNGPrac" name="usernamePassword" time="0.001"/>
  <system-out/>
  <testcase classname="testNGprac.TestNGPrac" name="usernamePassword" time="0.001"/>
  <system-out/>
  <testcase classname="testNGprac.TestNGPrac" name="usernamePassword" time="0.000"/>
  <system-out/>
  <testcase classname="testNGprac.TestNGPrac" name="usernamePassword" time="0.001"/>
  <system-out/>
  <testcase classname="testNGprac.TestNGPrac" name="usernamePassword" time="0.001"/>
  <system-out/>
  <testcase classname="testNGprac.TestNGPrac" name="usernamePassword" time="0.001"/>
  <system-out/>
  <testcase classname="testNGprac.TestNGPrac" name="usernamePassword" time="0.001"/>
  <system-out/>
  <testcase classname="testNGprac.TestNGPrac" name="usernamePassword" time="0.000"/>
  <system-out/>
  <testcase classname="testNGprac.TestNGPrac" name="usernamePassword" time="0.001"/>
  <system-out/>
  <testcase classname="testNGprac.TestNGPrac" name="usernamePassword" time="0.000"/>
  <system-out/>
  <testcase classname="testNGprac.TestNGPrac" name="usernamePassword" time="0.000"/>
  <system-out/>
  <testcase classname="testNGprac.TestNGPrac" name="usernamePassword" time="0.000"/>
  <system-out/>
  <testcase classname="testNGprac.TestNGPrac" name="usernamePassword" time="0.001"/>
  <system-out/>
  <testcase classname="testNGprac.TestNGPrac" name="usernamePassword" time="0.000"/>
  <system-out/>
  <testcase classname="testNGprac.TestNGPrac" name="usernamePassword" time="0.001"/>
  <system-out/>
  <testcase classname="testNGprac.TestNGPrac" name="usernamePassword" time="0.000"/>
  <system-out/>
  <testcase classname="testNGprac.TestNGPrac" name="usernamePassword" time="0.002"/>
  <system-out/>
  <testcase classname="testNGprac.TestNGPrac" name="usernamePassword" time="0.002"/>
  <system-out/>
  <testcase classname="testNGprac.TestNGPrac" name="usernamePassword" time="0.000"/>
  <system-out/>
  <testcase classname="testNGprac.TestNGPrac" name="usernamePassword" time="0.001"/>
  <system-out/>
  <testcase classname="testNGprac.TestNGPrac" name="usernamePassword" time="0.001"/>
  <system-out/>
  <testcase classname="testNGprac.TestNGPrac" name="usernamePassword" time="0.000"/>
  <system-out/>
  <testcase classname="testNGprac.TestNGPrac" name="usernamePassword" time="0.000"/>
  <system-out/>
  <testcase classname="testNGprac.TestNGPrac" name="usernamePassword" time="0.000"/>
  <system-out/>
  <testcase classname="testNGprac.TestNGPrac" name="usernamePassword" time="0.001"/>
  <system-out/>
  <testcase classname="testNGprac.TestNGPrac" name="usernamePassword" time="0.001"/>
  <system-out/>
  <testcase classname="testNGprac.TestNGPrac" name="usernamePassword" time="0.001"/>
  <system-out/>
  <testcase classname="testNGprac.TestNGPrac" name="usernamePassword" time="0.000"/>
  <system-out/>
  <testcase classname="testNGprac.TestNGPrac" name="usernamePassword" time="0.001"/>
  <system-out/>
  <testcase classname="testNGprac.TestNGPrac" name="usernamePassword" time="0.001"/>
  <system-out/>
  <testcase classname="testNGprac.TestNGPrac" name="usernamePassword" time="0.000"/>
  <system-out/>
  <testcase classname="testNGprac.TestNGPrac" name="usernamePassword" time="0.000"/>
  <system-out/>
  <testcase classname="testNGprac.TestNGPrac" name="login" time="0.000"/>
  <system-out/>
  <testcase classname="testNGprac.TestNGPrac" name="tearDown" time="0.001"/>
  <system-out/>
</testsuite> <!-- testNGprac.TestNGPrac -->
