<?xml version="1.0" encoding="UTF-8"?>
<!-- Generated by org.testng.reporters.JUnitReportReporter -->
<testsuite hostname="DESKTOP-QG8CIRA" failures="0" tests="3" name="testNGprac.TestNgPrac1" time="0.009" errors="0" timestamp="2024-05-20T12:15:43 IST" skipped="0">
  <testcase classname="testNGprac.TestNgPrac1" name="testcase1" time="0.006"/>
  <system-out/>
  <testcase classname="testNGprac.TestNgPrac1" name="testcase2" time="0.002"/>
  <system-out/>
  <testcase classname="testNGprac.TestNgPrac1" name="testcase3" time="0.001"/>
  <system-out/>
</testsuite> <!-- testNGprac.TestNgPrac1 -->
