<?xml version="1.0" encoding="UTF-8"?>
<!-- Generated by org.testng.reporters.JUnitReportReporter -->
<testsuite hostname="DESKTOP-QG8CIRA" failures="0" tests="4" name="testNGprac.Revise" time="0.018" errors="0" timestamp="2024-02-09T23:47:24 IST" skipped="0">
  <testcase classname="testNGprac.Revise" name="testcase4" time="0.008"/>
  <system-out/>
  <testcase classname="testNGprac.Revise" name="testcase1" time="0.008"/>
  <system-out/>
  <testcase classname="testNGprac.Revise" name="testcase2" time="0.001"/>
  <system-out/>
  <testcase classname="testNGprac.Revise" name="testcase3" time="0.001"/>
  <system-out/>
</testsuite> <!-- testNGprac.Revise -->
