<?xml version="1.0" encoding="UTF-8"?>
<!-- Generated by org.testng.reporters.JUnitReportReporter -->
<testsuite hostname="DESKTOP-QG8CIRA" failures="0" tests="25" name="testNGprac.DataProviderTestClass" time="0.063" errors="0" timestamp="2024-05-20T15:04:22 IST" skipped="0">
  <testcase classname="testNGprac.DataProviderTestClass" name="testCase" time="0.002"/>
  <system-out/>
  <testcase classname="testNGprac.DataProviderTestClass" name="testCase" time="0.001"/>
  <system-out/>
  <testcase classname="testNGprac.DataProviderTestClass" name="testCase" time="0.002"/>
  <system-out/>
  <testcase classname="testNGprac.DataProviderTestClass" name="testCase" time="0.001"/>
  <system-out/>
  <testcase classname="testNGprac.DataProviderTestClass" name="testCase" time="0.002"/>
  <system-out/>
  <testcase classname="testNGprac.DataProviderTestClass" name="testCase" time="0.002"/>
  <system-out/>
  <testcase classname="testNGprac.DataProviderTestClass" name="testCase" time="0.003"/>
  <system-out/>
  <testcase classname="testNGprac.DataProviderTestClass" name="testCase" time="0.002"/>
  <system-out/>
  <testcase classname="testNGprac.DataProviderTestClass" name="testCase" time="0.001"/>
  <system-out/>
  <testcase classname="testNGprac.DataProviderTestClass" name="testCase" time="0.003"/>
  <system-out/>
  <testcase classname="testNGprac.DataProviderTestClass" name="testCase" time="0.001"/>
  <system-out/>
  <testcase classname="testNGprac.DataProviderTestClass" name="testCase" time="0.002"/>
  <system-out/>
  <testcase classname="testNGprac.DataProviderTestClass" name="testCase" time="0.000"/>
  <system-out/>
  <testcase classname="testNGprac.DataProviderTestClass" name="testCase" time="0.001"/>
  <system-out/>
  <testcase classname="testNGprac.DataProviderTestClass" name="testCase" time="0.001"/>
  <system-out/>
  <testcase classname="testNGprac.DataProviderTestClass" name="testCase" time="0.001"/>
  <system-out/>
  <testcase classname="testNGprac.DataProviderTestClass" name="testCase" time="0.002"/>
  <system-out/>
  <testcase classname="testNGprac.DataProviderTestClass" name="testCase" time="0.001"/>
  <system-out/>
  <testcase classname="testNGprac.DataProviderTestClass" name="testCase" time="0.002"/>
  <system-out/>
  <testcase classname="testNGprac.DataProviderTestClass" name="testCase" time="0.002"/>
  <system-out/>
  <testcase classname="testNGprac.DataProviderTestClass" name="testCase" time="0.003"/>
  <system-out/>
  <testcase classname="testNGprac.DataProviderTestClass" name="testCase" time="0.002"/>
  <system-out/>
  <testcase classname="testNGprac.DataProviderTestClass" name="testCase" time="0.022"/>
  <system-out/>
  <testcase classname="testNGprac.DataProviderTestClass" name="testCase" time="0.001"/>
  <system-out/>
  <testcase classname="testNGprac.DataProviderTestClass" name="testCase" time="0.003"/>
  <system-out/>
</testsuite> <!-- testNGprac.DataProviderTestClass -->
