<?xml version="1.0" encoding="UTF-8"?>
<!-- Generated by org.testng.reporters.JUnitReportReporter -->
<testsuite hostname="DESKTOP-QG8CIRA" failures="0" tests="6" name="testNGprac.GoogleSearchTest" time="5.638" errors="0" timestamp="2024-02-23T10:30:53 IST" skipped="0">
  <testcase classname="testNGprac.GoogleSearchTest" name="searchText" time="0.073"/>
  <system-out/>
  <testcase classname="testNGprac.GoogleSearchTest" name="searchText" time="0.063"/>
  <system-out/>
  <testcase classname="testNGprac.GoogleSearchTest" name="autoSuggestion" time="2.573"/>
  <system-out/>
  <testcase classname="testNGprac.GoogleSearchTest" name="autoSuggestion" time="2.911"/>
  <system-out/>
  <testcase classname="testNGprac.GoogleSearchTest" name="validatePageTitle" time="0.009"/>
  <system-out/>
  <testcase classname="testNGprac.GoogleSearchTest" name="validatePageTitle" time="0.009"/>
  <system-out/>
</testsuite> <!-- testNGprac.GoogleSearchTest -->
