<?xml version="1.0" encoding="UTF-8"?>
<!-- Generated by org.testng.reporters.JUnitReportReporter -->
<testsuite hostname="DESKTOP-QG8CIRA" failures="0" tests="6" name="testNGprac.CrossBrowserTesting" time="12.646" errors="0" timestamp="2024-03-23T15:17:57 IST" skipped="0">
  <testcase classname="testNGprac.CrossBrowserTesting" name="launchBrowser" time="2.283"/>
  <system-out/>
  <testcase classname="testNGprac.CrossBrowserTesting" name="launchBrowser" time="2.283"/>
  <system-out/>
  <testcase classname="testNGprac.CrossBrowserTesting" name="url" time="3.797"/>
  <system-out/>
  <testcase classname="testNGprac.CrossBrowserTesting" name="url" time="3.795"/>
  <system-out/>
  <testcase classname="testNGprac.CrossBrowserTesting" name="tearDown" time="0.253"/>
  <system-out/>
  <testcase classname="testNGprac.CrossBrowserTesting" name="tearDown" time="0.235"/>
  <system-out/>
</testsuite> <!-- testNGprac.CrossBrowserTesting -->
