<?xml version="1.0" encoding="UTF-8"?>
<!-- Generated by org.testng.reporters.JUnitReportReporter -->
<testsuite hostname="DESKTOP-QG8CIRA" failures="0" tests="5" name="testNGprac.TestCases" time="0.105" errors="0" timestamp="2024-03-03T10:50:13 IST" skipped="0">
  <testcase classname="testNGprac.TestCases" name="test1" time="0.021"/>
  <system-out/>
  <testcase classname="testNGprac.TestCases" name="test2" time="0.021"/>
  <system-out/>
  <testcase classname="testNGprac.TestCases" name="test3" time="0.021"/>
  <system-out/>
  <testcase classname="testNGprac.TestCases" name="test4" time="0.021"/>
  <system-out/>
  <testcase classname="testNGprac.TestCases" name="test5" time="0.021"/>
  <system-out/>
</testsuite> <!-- testNGprac.TestCases -->
