<?xml version="1.0" encoding="UTF-8"?>
<!-- Generated by org.testng.reporters.JUnitReportReporter -->
<testsuite hostname="DESKTOP-QG8CIRA" failures="0" tests="1" name="testNGprac.ParametersExplans" time="0.009" errors="0" timestamp="2024-03-23T15:01:26 IST" skipped="0">
  <testcase classname="testNGprac.ParametersExplans" name="test1" time="0.009"/>
  <system-out/>
</testsuite> <!-- testNGprac.ParametersExplans -->
