<?xml version="1.0" encoding="UTF-8"?>
<!-- Generated by org.testng.reporters.JUnitReportReporter -->
<testsuite hostname="DESKTOP-QG8CIRA" failures="0" tests="6" name="practiseExpandTestingTest.LoginTest" time="9.802" errors="0" timestamp="2024-02-15T14:41:39 IST" skipped="0">
  <testcase classname="practiseExpandTestingTest.LoginTest" name="clickOnLoginOnHomePage" time="3.018"/>
  <system-out/>
  <testcase classname="practiseExpandTestingTest.LoginTest" name="validateUsernameAndPasswordFromPage" time="0.045"/>
  <system-out/>
  <testcase classname="practiseExpandTestingTest.LoginTest" name="enterLoginDetails" time="2.184"/>
  <system-out/>
  <testcase classname="practiseExpandTestingTest.LoginTest" name="clickOnLogin" time="3.443"/>
  <system-out/>
  <testcase classname="practiseExpandTestingTest.LoginTest" name="validateSecuteLoginMesssage" time="0.025"/>
  <system-out/>
  <testcase classname="practiseExpandTestingTest.LoginTest" name="navToHome" time="1.087"/>
  <system-out/>
</testsuite> <!-- practiseExpandTestingTest.LoginTest -->
