<?xml version="1.0" encoding="UTF-8"?>
<!-- Generated by org.testng.reporters.JUnitReportReporter -->
<testsuite hostname="DESKTOP-QG8CIRA" failures="0" tests="5" name="practiseExpandTestingTest.FormValidationTest" time="63.524" errors="0" timestamp="2024-02-11T23:30:27 IST" skipped="0">
  <testcase classname="practiseExpandTestingTest.FormValidationTest" name="clickOnFormButtonOnHomePage" time="0.852"/>
  <system-out/>
  <testcase classname="practiseExpandTestingTest.FormValidationTest" name="fillTheValidationForm" time="60.399"/>
  <system-out/>
  <testcase classname="practiseExpandTestingTest.FormValidationTest" name="clickOnRegisterButton" time="1.357"/>
  <system-out/>
  <testcase classname="practiseExpandTestingTest.FormValidationTest" name="validatingTheThankYouMessage" time="0.019"/>
  <system-out/>
  <testcase classname="practiseExpandTestingTest.FormValidationTest" name="navigateToHomePage" time="0.897"/>
  <system-out/>
</testsuite> <!-- practiseExpandTestingTest.FormValidationTest -->
