<?xml version="1.0" encoding="UTF-8"?>
<!-- Generated by org.testng.reporters.JUnitReportReporter -->
<testsuite hostname="DESKTOP-QG8CIRA" failures="0" tests="3" name="practiseExpandTestingTest.DragNDropTest" time="8.690" errors="0" timestamp="2024-02-17T19:46:04 IST" skipped="0">
  <testcase classname="practiseExpandTestingTest.DragNDropTest" name="clickOnHomeButton" time="3.354"/>
  <system-out/>
  <testcase classname="practiseExpandTestingTest.DragNDropTest" name="performDragAndDropAction" time="3.385"/>
  <system-out/>
  <testcase classname="practiseExpandTestingTest.DragNDropTest" name="navigateToHome" time="1.951"/>
  <system-out/>
</testsuite> <!-- practiseExpandTestingTest.DragNDropTest -->
