<?xml version="1.0" encoding="UTF-8"?>
<!-- Generated by org.testng.reporters.JUnitReportReporter -->
<testsuite hostname="DESKTOP-QG8CIRA" failures="0" tests="4" name="practiseExpandTestingTest.WebInputTests" time="7.163" errors="0" timestamp="2024-02-17T22:03:47 IST" skipped="0">
  <testcase classname="practiseExpandTestingTest.WebInputTests" name="clickOnWebInputButton" time="1.914"/>
  <system-out/>
  <testcase classname="practiseExpandTestingTest.WebInputTests" name="inputTheDetails" time="0.230"/>
  <system-out/>
  <testcase classname="practiseExpandTestingTest.WebInputTests" name="showTheInputDetails" time="3.139"/>
  <system-out/>
  <testcase classname="practiseExpandTestingTest.WebInputTests" name="navigateTohomePage" time="1.880"/>
  <system-out/>
</testsuite> <!-- practiseExpandTestingTest.WebInputTests -->
