<?xml version="1.0" encoding="UTF-8"?>
<!-- Generated by org.testng.reporters.JUnitReportReporter -->
<testsuite hostname="DESKTOP-QG8CIRA" failures="0" tests="3" name="practiseExpandTestingTest.DragNDropCirclesTest" time="4.624" errors="0" timestamp="2024-02-11T23:30:27 IST" skipped="0">
  <testcase classname="practiseExpandTestingTest.DragNDropCirclesTest" name="clickOnDragNDrop" time="0.978"/>
  <system-out/>
  <testcase classname="practiseExpandTestingTest.DragNDropCirclesTest" name="dragCircleInTraget" time="2.801"/>
  <system-out/>
  <testcase classname="practiseExpandTestingTest.DragNDropCirclesTest" name="navigateToHome" time="0.845"/>
  <system-out/>
</testsuite> <!-- practiseExpandTestingTest.DragNDropCirclesTest -->
