<?xml version="1.0" encoding="UTF-8"?>
<!-- Generated by org.testng.reporters.JUnitReportReporter -->
<testsuite hostname="DESKTOP-QG8CIRA" failures="0" tests="5" name="practiseExpandTestingTest.FormValidationTest" time="64.474" errors="0" timestamp="2024-02-17T19:46:04 IST" skipped="0">
  <testcase classname="practiseExpandTestingTest.FormValidationTest" name="clickOnFormButtonOnHomePage" time="1.538"/>
  <system-out/>
  <testcase classname="practiseExpandTestingTest.FormValidationTest" name="fillTheValidationForm" time="60.811"/>
  <system-out/>
  <testcase classname="practiseExpandTestingTest.FormValidationTest" name="clickOnRegisterButton" time="1.129"/>
  <system-out/>
  <testcase classname="practiseExpandTestingTest.FormValidationTest" name="validatingTheThankYouMessage" time="0.040"/>
  <system-out/>
  <testcase classname="practiseExpandTestingTest.FormValidationTest" name="navigateToHomePage" time="0.956"/>
  <system-out/>
</testsuite> <!-- practiseExpandTestingTest.FormValidationTest -->
