<?xml version="1.0" encoding="UTF-8"?>
<!-- Generated by org.testng.reporters.JUnitReportReporter -->
<testsuite hostname="DESKTOP-QG8CIRA" failures="0" tests="6" name="practiseExpandTestingTest.LoginTest" time="9.687" errors="0" timestamp="2024-02-17T19:46:04 IST" skipped="0">
  <testcase classname="practiseExpandTestingTest.LoginTest" name="clickOnLoginOnHomePage" time="2.901"/>
  <system-out/>
  <testcase classname="practiseExpandTestingTest.LoginTest" name="validateUsernameAndPasswordFromPage" time="0.102"/>
  <system-out/>
  <testcase classname="practiseExpandTestingTest.LoginTest" name="enterLoginDetails" time="2.433"/>
  <system-out/>
  <testcase classname="practiseExpandTestingTest.LoginTest" name="clickOnLogin" time="3.257"/>
  <system-out/>
  <testcase classname="practiseExpandTestingTest.LoginTest" name="validateSecuteLoginMesssage" time="0.045"/>
  <system-out/>
  <testcase classname="practiseExpandTestingTest.LoginTest" name="navToHome" time="0.949"/>
  <system-out/>
</testsuite> <!-- practiseExpandTestingTest.LoginTest -->
