<?xml version="1.0" encoding="UTF-8"?>
<!-- Generated by org.testng.reporters.JUnitReportReporter -->
<testsuite hostname="DESKTOP-QG8CIRA" failures="0" tests="3" name="practiseExpandTestingTest.DragNDropCirclesTest" time="5.253" errors="0" timestamp="2024-02-15T14:41:39 IST" skipped="0">
  <testcase classname="practiseExpandTestingTest.DragNDropCirclesTest" name="clickOnDragNDrop" time="1.299"/>
  <system-out/>
  <testcase classname="practiseExpandTestingTest.DragNDropCirclesTest" name="dragCircleInTraget" time="2.866"/>
  <system-out/>
  <testcase classname="practiseExpandTestingTest.DragNDropCirclesTest" name="navigateToHome" time="1.088"/>
  <system-out/>
</testsuite> <!-- practiseExpandTestingTest.DragNDropCirclesTest -->
