<?xml version="1.0" encoding="UTF-8"?>
<!-- Generated by org.testng.reporters.JUnitReportReporter -->
<testsuite hostname="DESKTOP-QG8CIRA" failures="0" tests="3" name="practiseExpandTestingTest.DragNDropTest" time="8.001" errors="0" timestamp="2024-02-17T22:03:47 IST" skipped="0">
  <testcase classname="practiseExpandTestingTest.DragNDropTest" name="clickOnHomeButton" time="2.866"/>
  <system-out/>
  <testcase classname="practiseExpandTestingTest.DragNDropTest" name="performDragAndDropAction" time="3.280"/>
  <system-out/>
  <testcase classname="practiseExpandTestingTest.DragNDropTest" name="navigateToHome" time="1.855"/>
  <system-out/>
</testsuite> <!-- practiseExpandTestingTest.DragNDropTest -->
