<?xml version="1.0" encoding="UTF-8"?>
<!-- Generated by org.testng.reporters.JUnitReportReporter -->
<testsuite hostname="DESKTOP-QG8CIRA" failures="0" tests="5" name="practiseExpandTestingTest.FormValidationTest" time="63.868" errors="0" timestamp="2024-02-17T22:03:47 IST" skipped="0">
  <testcase classname="practiseExpandTestingTest.FormValidationTest" name="clickOnFormButtonOnHomePage" time="1.618"/>
  <system-out/>
  <testcase classname="practiseExpandTestingTest.FormValidationTest" name="fillTheValidationForm" time="60.380"/>
  <system-out/>
  <testcase classname="practiseExpandTestingTest.FormValidationTest" name="clickOnRegisterButton" time="0.969"/>
  <system-out/>
  <testcase classname="practiseExpandTestingTest.FormValidationTest" name="validatingTheThankYouMessage" time="0.041"/>
  <system-out/>
  <testcase classname="practiseExpandTestingTest.FormValidationTest" name="navigateToHomePage" time="0.860"/>
  <system-out/>
</testsuite> <!-- practiseExpandTestingTest.FormValidationTest -->
