<?xml version="1.0" encoding="UTF-8"?>
<!-- Generated by org.testng.reporters.JUnitReportReporter -->
<testsuite hostname="DESKTOP-QG8CIRA" failures="0" tests="3" name="practiseExpandTestingTest.DragNDropTest" time="8.115" errors="0" timestamp="2024-02-11T23:30:27 IST" skipped="0">
  <testcase classname="practiseExpandTestingTest.DragNDropTest" name="clickOnHomeButton" time="2.860"/>
  <system-out/>
  <testcase classname="practiseExpandTestingTest.DragNDropTest" name="performDragAndDropAction" time="3.271"/>
  <system-out/>
  <testcase classname="practiseExpandTestingTest.DragNDropTest" name="navigateToHome" time="1.984"/>
  <system-out/>
</testsuite> <!-- practiseExpandTestingTest.DragNDropTest -->
