<?xml version="1.0" encoding="UTF-8"?>
<!-- Generated by org.testng.reporters.JUnitReportReporter -->
<testsuite hostname="DESKTOP-QG8CIRA" failures="0" tests="4" name="practiseExpandTestingTest.WebInputTests" time="5.413" errors="0" timestamp="2024-02-07T22:22:09 IST" skipped="0">
  <testcase classname="practiseExpandTestingTest.WebInputTests" name="clickOnWebInputButton" time="0.883"/>
  <system-out/>
  <testcase classname="practiseExpandTestingTest.WebInputTests" name="inputTheDetails" time="0.264"/>
  <system-out/>
  <testcase classname="practiseExpandTestingTest.WebInputTests" name="showTheInputDetails" time="3.129"/>
  <system-out/>
  <testcase classname="practiseExpandTestingTest.WebInputTests" name="navigateTohomePage" time="1.137"/>
  <system-out/>
</testsuite> <!-- practiseExpandTestingTest.WebInputTests -->
