<?xml version="1.0" encoding="UTF-8"?>
<!-- Generated by org.testng.reporters.JUnitReportReporter -->
<testsuite hostname="DESKTOP-QG8CIRA" failures="0" tests="5" name="practiseExpandTestingTest.FormValidationTest" time="65.492" errors="0" timestamp="2024-02-15T14:41:39 IST" skipped="0">
  <testcase classname="practiseExpandTestingTest.FormValidationTest" name="clickOnFormButtonOnHomePage" time="1.843"/>
  <system-out/>
  <testcase classname="practiseExpandTestingTest.FormValidationTest" name="fillTheValidationForm" time="60.377"/>
  <system-out/>
  <testcase classname="practiseExpandTestingTest.FormValidationTest" name="clickOnRegisterButton" time="2.117"/>
  <system-out/>
  <testcase classname="practiseExpandTestingTest.FormValidationTest" name="validatingTheThankYouMessage" time="0.023"/>
  <system-out/>
  <testcase classname="practiseExpandTestingTest.FormValidationTest" name="navigateToHomePage" time="1.132"/>
  <system-out/>
</testsuite> <!-- practiseExpandTestingTest.FormValidationTest -->
