<?xml version="1.0" encoding="UTF-8"?>
<!-- Generated by org.testng.reporters.JUnitReportReporter -->
<testsuite hostname="DESKTOP-QG8CIRA" failures="0" tests="3" name="practiseExpandTestingTest.DragNDropCirclesTest" time="4.631" errors="0" timestamp="2024-02-17T22:03:47 IST" skipped="0">
  <testcase classname="practiseExpandTestingTest.DragNDropCirclesTest" name="clickOnDragNDrop" time="0.877"/>
  <system-out/>
  <testcase classname="practiseExpandTestingTest.DragNDropCirclesTest" name="dragCircleInTraget" time="2.899"/>
  <system-out/>
  <testcase classname="practiseExpandTestingTest.DragNDropCirclesTest" name="navigateToHome" time="0.855"/>
  <system-out/>
</testsuite> <!-- practiseExpandTestingTest.DragNDropCirclesTest -->
