<?xml version="1.0" encoding="UTF-8"?>
<!-- Generated by org.testng.reporters.JUnitReportReporter -->
<testsuite hostname="DESKTOP-QG8CIRA" failures="0" tests="4" name="practiseExpandTestingTest.WebInputTests" time="7.738" errors="0" timestamp="2024-02-17T19:46:04 IST" skipped="0">
  <testcase classname="practiseExpandTestingTest.WebInputTests" name="clickOnWebInputButton" time="1.977"/>
  <system-out/>
  <testcase classname="practiseExpandTestingTest.WebInputTests" name="inputTheDetails" time="0.530"/>
  <system-out/>
  <testcase classname="practiseExpandTestingTest.WebInputTests" name="showTheInputDetails" time="3.254"/>
  <system-out/>
  <testcase classname="practiseExpandTestingTest.WebInputTests" name="navigateTohomePage" time="1.977"/>
  <system-out/>
</testsuite> <!-- practiseExpandTestingTest.WebInputTests -->
