<?xml version="1.0" encoding="UTF-8"?>
<!-- Generated by org.testng.reporters.JUnitReportReporter -->
<testsuite hostname="DESKTOP-QG8CIRA" failures="0" tests="6" name="practiseExpandTestingTest.LoginTest" time="9.069" errors="0" timestamp="2024-02-17T22:03:47 IST" skipped="0">
  <testcase classname="practiseExpandTestingTest.LoginTest" name="clickOnLoginOnHomePage" time="2.853"/>
  <system-out/>
  <testcase classname="practiseExpandTestingTest.LoginTest" name="validateUsernameAndPasswordFromPage" time="0.051"/>
  <system-out/>
  <testcase classname="practiseExpandTestingTest.LoginTest" name="enterLoginDetails" time="2.166"/>
  <system-out/>
  <testcase classname="practiseExpandTestingTest.LoginTest" name="clickOnLogin" time="3.138"/>
  <system-out/>
  <testcase classname="practiseExpandTestingTest.LoginTest" name="validateSecuteLoginMesssage" time="0.020"/>
  <system-out/>
  <testcase classname="practiseExpandTestingTest.LoginTest" name="navToHome" time="0.841"/>
  <system-out/>
</testsuite> <!-- practiseExpandTestingTest.LoginTest -->
