<?xml version="1.0" encoding="UTF-8"?>
<!-- Generated by org.testng.reporters.JUnitReportReporter -->
<testsuite hostname="DESKTOP-QG8CIRA" failures="0" tests="4" name="practiseExpandTestingTest.WebInputTests" time="7.542" errors="0" timestamp="2024-02-15T14:41:39 IST" skipped="0">
  <testcase classname="practiseExpandTestingTest.WebInputTests" name="clickOnWebInputButton" time="2.086"/>
  <system-out/>
  <testcase classname="practiseExpandTestingTest.WebInputTests" name="inputTheDetails" time="0.281"/>
  <system-out/>
  <testcase classname="practiseExpandTestingTest.WebInputTests" name="showTheInputDetails" time="3.112"/>
  <system-out/>
  <testcase classname="practiseExpandTestingTest.WebInputTests" name="navigateTohomePage" time="2.063"/>
  <system-out/>
</testsuite> <!-- practiseExpandTestingTest.WebInputTests -->
