<?xml version="1.0" encoding="UTF-8"?>
<!-- Generated by org.testng.reporters.JUnitReportReporter -->
<testsuite hostname="DESKTOP-QG8CIRA" failures="0" tests="3" name="practiseExpandTestingTest.DragNDropCirclesTest" time="5.030" errors="0" timestamp="2024-02-17T19:46:04 IST" skipped="0">
  <testcase classname="practiseExpandTestingTest.DragNDropCirclesTest" name="clickOnDragNDrop" time="1.011"/>
  <system-out/>
  <testcase classname="practiseExpandTestingTest.DragNDropCirclesTest" name="dragCircleInTraget" time="3.068"/>
  <system-out/>
  <testcase classname="practiseExpandTestingTest.DragNDropCirclesTest" name="navigateToHome" time="0.951"/>
  <system-out/>
</testsuite> <!-- practiseExpandTestingTest.DragNDropCirclesTest -->
