<?xml version="1.0" encoding="UTF-8"?>
<!-- Generated by org.testng.reporters.JUnitReportReporter -->
<testsuite hostname="DESKTOP-QG8CIRA" failures="0" tests="6" name="practiseExpandTestingTest.LoginTest" time="9.781" errors="0" timestamp="2024-02-08T23:49:13 IST" skipped="0">
  <testcase classname="practiseExpandTestingTest.LoginTest" name="clickOnLoginOnHomePage" time="2.882"/>
  <system-out/>
  <testcase classname="practiseExpandTestingTest.LoginTest" name="validateUsernameAndPasswordFromPage" time="0.125"/>
  <system-out/>
  <testcase classname="practiseExpandTestingTest.LoginTest" name="enterLoginDetails" time="2.544"/>
  <system-out/>
  <testcase classname="practiseExpandTestingTest.LoginTest" name="clickOnLogin" time="3.234"/>
  <system-out/>
  <testcase classname="practiseExpandTestingTest.LoginTest" name="validateSecuteLoginMesssage" time="0.031"/>
  <system-out/>
  <testcase classname="practiseExpandTestingTest.LoginTest" name="navToHome" time="0.965"/>
  <system-out/>
</testsuite> <!-- practiseExpandTestingTest.LoginTest -->
