<?xml version="1.0" encoding="UTF-8"?>
<!-- Generated by org.testng.reporters.JUnitReportReporter -->
<testsuite hostname="DESKTOP-QG8CIRA" failures="0" tests="3" name="practiseExpandTestingTest.DragNDropTest" time="9.160" errors="0" timestamp="2024-02-08T23:49:13 IST" skipped="0">
  <testcase classname="practiseExpandTestingTest.DragNDropTest" name="clickOnHomeButton" time="3.790"/>
  <system-out/>
  <testcase classname="practiseExpandTestingTest.DragNDropTest" name="performDragAndDropAction" time="3.331"/>
  <system-out/>
  <testcase classname="practiseExpandTestingTest.DragNDropTest" name="navigateToHome" time="2.039"/>
  <system-out/>
</testsuite> <!-- practiseExpandTestingTest.DragNDropTest -->
